
> frontend@0.1.0 dev
> next dev --hostname 127.0.0.1 --port 3000

▲ Next.js 16.2.4 (Turbopack)
- Local:         http://127.0.0.1:3000
- Network:       http://127.0.0.1:3000
✓ Ready in 459ms
Creating turbopack project {
  dir: 'C:\\Users\\NMRAI\\Desktop\\MealNest(Web API) - Copy\\frontend',
  testMode: true
}

 GET /login 200 in 494ms (next.js: 125ms, proxy.ts: 137ms, application-code: 231ms)
 GET /login 200 in 178ms (next.js: 20ms, proxy.ts: 28ms, application-code: 130ms)
 GET /login 200 in 121ms (next.js: 9ms, proxy.ts: 7ms, application-code: 104ms)
 GET /login 200 in 135ms (next.js: 16ms, proxy.ts: 13ms, application-code: 105ms)
 HEAD /admin 200 in 426ms (next.js: 133ms, proxy.ts: 15ms, application-code: 278ms)
 GET /login 200 in 125ms (next.js: 9ms, proxy.ts: 10ms, application-code: 107ms)
 GET /login 200 in 150ms (next.js: 9ms, proxy.ts: 10ms, application-code: 132ms)
✓ Compiled in 441ms
 GET /login 200 in 222ms (next.js: 95ms, proxy.ts: 30ms, application-code: 97ms)
 GET /login 200 in 157ms (next.js: 41ms, proxy.ts: 25ms, application-code: 91ms)
 GET /login 200 in 114ms (next.js: 6ms, proxy.ts: 7ms, application-code: 101ms)
 GET /login 200 in 82ms (next.js: 6ms, proxy.ts: 11ms, application-code: 65ms)
 GET /login 200 in 75ms (next.js: 38ms, proxy.ts: 6ms, application-code: 31ms)
 GET /login 200 in 77ms (next.js: 22ms, proxy.ts: 6ms, application-code: 49ms)
 GET /login 200 in 35ms (next.js: 8ms, proxy.ts: 6ms, application-code: 21ms)
 GET / 200 in 211ms (next.js: 41ms, proxy.ts: 5ms, application-code: 165ms)
 GET /login 200 in 209ms (next.js: 148ms, proxy.ts: 3ms, application-code: 58ms)
 GET /register 200 in 485ms (next.js: 427ms, proxy.ts: 14ms, application-code: 44ms)
 GET /login 200 in 137ms (next.js: 11ms, proxy.ts: 12ms, application-code: 114ms)
 GET /login 200 in 125ms (next.js: 9ms, proxy.ts: 12ms, application-code: 103ms)
 POST /login 200 in 88ms (next.js: 8ms, proxy.ts: 10ms, application-code: 70ms)
  └─ ƒ handleLoginUser({"email":"admin@gmail.com","password":"admin"}) in 31ms lib/actions/auth-action.ts
 POST /login 200 in 62ms (next.js: 12ms, proxy.ts: 19ms, application-code: 31ms)
  └─ ƒ handleLoginUser({"email":"admin@gmail.com","password":"admin"}) in 11ms lib/actions/auth-action.ts
 POST /login 200 in 48ms (next.js: 8ms, proxy.ts: 11ms, application-code: 29ms)
  └─ ƒ handleLoginUser({"email":"admin@gmail.com","password":"admin"}) in 9ms lib/actions/auth-action.ts
 POST /login 200 in 46ms (next.js: 9ms, proxy.ts: 11ms, application-code: 26ms)
  └─ ƒ handleLoginUser({"email":"admin@gmail.com","password":"admin"}) in 9ms lib/actions/auth-action.ts
 POST /login 200 in 48ms (next.js: 9ms, proxy.ts: 10ms, application-code: 28ms)
  └─ ƒ handleLoginUser({"email":"admin@gmail.com","password":"admin"}) in 11ms lib/actions/auth-action.ts
 POST /login 200 in 69ms (next.js: 14ms, proxy.ts: 12ms, application-code: 43ms)
  └─ ƒ handleLoginUser({"email":"admin@gmail.com","password":"admin"}) in 18ms lib/actions/auth-action.ts
 POST /login 200 in 52ms (next.js: 8ms, proxy.ts: 10ms, application-code: 34ms)
  └─ ƒ handleLoginUser({"email":"admin@gmail.com","password":"admin"}) in 11ms lib/actions/auth-action.ts
 POST /login 200 in 47ms (next.js: 8ms, proxy.ts: 12ms, application-code: 28ms)
  └─ ƒ handleLoginUser({"email":"admin@gmail.com","password":"admin"}) in 9ms lib/actions/auth-action.ts
 POST /login 200 in 50ms (next.js: 9ms, proxy.ts: 11ms, application-code: 30ms)
  └─ ƒ handleLoginUser({"email":"admin@gmail.com","password":"admin"}) in 12ms lib/actions/auth-action.ts
 POST /login 200 in 43ms (next.js: 8ms, proxy.ts: 11ms, application-code: 24ms)
  └─ ƒ handleLoginUser({"email":"admin@gmail.com","password":"admin"}) in 8ms lib/actions/auth-action.ts
 POST /login 200 in 44ms (next.js: 9ms, proxy.ts: 9ms, application-code: 26ms)
  └─ ƒ handleLoginUser({"email":"admin@gmail.com","password":"admin"}) in 9ms lib/actions/auth-action.ts
 POST /login 200 in 40ms (next.js: 8ms, proxy.ts: 11ms, application-code: 22ms)
  └─ ƒ handleLoginUser({"email":"admin@gmail.com","password":"admin"}) in 8ms lib/actions/auth-action.ts
 POST /login 200 in 49ms (next.js: 11ms, proxy.ts: 12ms, application-code: 26ms)
  └─ ƒ handleLoginUser({"email":"admin@gmail.com","password":"admin"}) in 8ms lib/actions/auth-action.ts
 POST /login 200 in 43ms (next.js: 7ms, proxy.ts: 12ms, application-code: 23ms)
  └─ ƒ handleLoginUser({"email":"admin@gmail.com","password":"admin"}) in 8ms lib/actions/auth-action.ts
 POST /login 200 in 42ms (next.js: 8ms, proxy.ts: 10ms, application-code: 23ms)
  └─ ƒ handleLoginUser({"email":"admin@gmail.com","password":"admin"}) in 8ms lib/actions/auth-action.ts
 POST /login 200 in 40ms (next.js: 8ms, proxy.ts: 10ms, application-code: 22ms)
  └─ ƒ handleLoginUser({"email":"admin@gmail.com","password":"admin"}) in 8ms lib/actions/auth-action.ts
 POST /login 200 in 42ms (next.js: 8ms, proxy.ts: 11ms, application-code: 23ms)
  └─ ƒ handleLoginUser({"email":"admin@gmail.com","password":"admin"}) in 8ms lib/actions/auth-action.ts
 GET /register 200 in 74ms (next.js: 8ms, proxy.ts: 10ms, application-code: 55ms)
 POST /register 200 in 573ms (next.js: 10ms, proxy.ts: 10ms, application-code: 554ms)
  └─ ƒ handleRegisterUser({"email":"admin@gmail.com","fullName":"Admin","password":"adminadmin","...":"1 item not stringified"}) in 492ms lib/actions/auth-action.ts
 GET /dashboard 200 in 186ms (next.js: 82ms, proxy.ts: 9ms, application-code: 94ms)
 GET /dashboard 200 in 89ms (next.js: 10ms, proxy.ts: 12ms, application-code: 67ms)
 GET / 200 in 110ms (next.js: 6ms, proxy.ts: 9ms, application-code: 95ms)
 GET /dashboard 200 in 70ms (next.js: 7ms, proxy.ts: 11ms, application-code: 52ms)
 GET /dashboard 200 in 69ms (next.js: 8ms, proxy.ts: 10ms, application-code: 50ms)
 GET / 200 in 136ms (next.js: 8ms, proxy.ts: 15ms, application-code: 112ms)
 GET /dashboard 200 in 74ms (next.js: 7ms, proxy.ts: 10ms, application-code: 57ms)
✓ Compiled in 151ms
 GET /dashboard 200 in 186ms (next.js: 86ms, proxy.ts: 50ms, application-code: 50ms)
 GET /dashboard 200 in 25ms (next.js: 2ms, proxy.ts: 4ms, application-code: 19ms)
 GET /dashboard 200 in 28ms (next.js: 6ms, proxy.ts: 4ms, application-code: 18ms)
 GET /dashboard 200 in 49ms (next.js: 4ms, proxy.ts: 3ms, application-code: 43ms)
 GET /dashboard 200 in 33ms (next.js: 3ms, proxy.ts: 4ms, application-code: 27ms)
 GET /dashboard 200 in 56ms (next.js: 5ms, proxy.ts: 6ms, application-code: 45ms)
 GET /dashboard 200 in 51ms (next.js: 5ms, proxy.ts: 25ms, application-code: 21ms)
 GET /dashboard 200 in 49ms (next.js: 3ms, proxy.ts: 4ms, application-code: 42ms)
 GET /dashboard 200 in 47ms (next.js: 4ms, proxy.ts: 21ms, application-code: 22ms)
 GET /dashboard 200 in 49ms (next.js: 20ms, proxy.ts: 10ms, application-code: 19ms)
 GET /dashboard 200 in 53ms (next.js: 5ms, proxy.ts: 10ms, application-code: 38ms)
 GET /dashboard 200 in 100ms (next.js: 19ms, proxy.ts: 6ms, application-code: 75ms)
 GET /dashboard 200 in 104ms (next.js: 3ms, proxy.ts: 5ms, application-code: 95ms)
 GET /dashboard 200 in 93ms (next.js: 4ms, proxy.ts: 9ms, application-code: 79ms)
 GET /dashboard 200 in 156ms (next.js: 20ms, proxy.ts: 7ms, application-code: 129ms)
 GET /dashboard 200 in 122ms (next.js: 10ms, proxy.ts: 5ms, application-code: 107ms)
 GET /dashboard 200 in 112ms (next.js: 14ms, proxy.ts: 26ms, application-code: 73ms)
 GET /dashboard 200 in 114ms (next.js: 52ms, proxy.ts: 29ms, application-code: 34ms)
 GET /register 200 in 224ms (next.js: 80ms, proxy.ts: 6ms, application-code: 138ms)
 GET /login 200 in 252ms (next.js: 69ms, proxy.ts: 11ms, application-code: 172ms)
 GET / 200 in 256ms (next.js: 117ms, proxy.ts: 11ms, application-code: 128ms)
 GET / 200 in 129ms (next.js: 9ms, proxy.ts: 14ms, application-code: 106ms)
 GET /dashboard 200 in 75ms (next.js: 8ms, proxy.ts: 9ms, application-code: 58ms)
 GET / 200 in 127ms (next.js: 8ms, proxy.ts: 16ms, application-code: 103ms)
 GET /dashboard 200 in 65ms (next.js: 7ms, proxy.ts: 8ms, application-code: 50ms)
 GET / 200 in 116ms (next.js: 7ms, proxy.ts: 8ms, application-code: 100ms)
✓ Compiled in 18ms
 GET / 200 in 245ms (next.js: 97ms, proxy.ts: 57ms, application-code: 92ms)
 GET /dashboard 200 in 248ms (next.js: 150ms, proxy.ts: 57ms, application-code: 41ms)
 HEAD /login 200 in 118ms (next.js: 15ms, proxy.ts: 5ms, application-code: 97ms)
 HEAD /register 200 in 118ms (next.js: 27ms, proxy.ts: 10ms, application-code: 81ms)
 GET /login 200 in 150ms (next.js: 76ms, proxy.ts: 10ms, application-code: 64ms)
 GET /register 200 in 153ms (next.js: 90ms, proxy.ts: 11ms, application-code: 52ms)
 GET / 200 in 192ms (next.js: 10ms, proxy.ts: 14ms, application-code: 168ms)
 GET /register 200 in 90ms (next.js: 12ms, proxy.ts: 14ms, application-code: 64ms)
 GET /login 200 in 67ms (next.js: 8ms, proxy.ts: 11ms, application-code: 48ms)
 GET /register 200 in 69ms (next.js: 9ms, proxy.ts: 12ms, application-code: 48ms)
 POST /register 200 in 525ms (next.js: 7ms, proxy.ts: 11ms, application-code: 506ms)
  └─ ƒ handleRegisterUser({"email":"yang@gmail.com","fullName":"Yungchen Lopchan","password":"america","...":"1 item not stringified"}) in 487ms lib/actions/auth-action.ts
 GET /login 200 in 61ms (next.js: 9ms, proxy.ts: 7ms, application-code: 45ms)
 POST /register 200 in 56ms (next.js: 9ms, proxy.ts: 11ms, application-code: 37ms)
  └─ ƒ handleRegisterUser({"email":"yang@gmail.com","fullName":"Yungchen Lopchan","password":"america","...":"1 item not stringified"}) in 14ms lib/actions/auth-action.ts
 POST /login 200 in 103ms (next.js: 11ms, proxy.ts: 10ms, application-code: 83ms)
 POST /login 200 in 538ms (next.js: 9ms, proxy.ts: 8ms, application-code: 521ms)
  └─ ƒ handleLoginUser({"email":"yang@gmail.com","password":"america"}) in 462ms lib/actions/auth-action.ts
 GET /dashboard 200 in 75ms (next.js: 9ms, proxy.ts: 9ms, application-code: 58ms)
 GET /dashboard 200 in 157ms (next.js: 11ms, proxy.ts: 18ms, application-code: 128ms)
 HEAD /dashboard 200 in 81ms (next.js: 4ms, proxy.ts: 5ms, application-code: 71ms)
 GET /register 200 in 117ms (next.js: 10ms, proxy.ts: 7ms, application-code: 100ms)
 GET /login 200 in 79ms (next.js: 10ms, proxy.ts: 6ms, application-code: 63ms)
 POST /login 200 in 420ms (next.js: 6ms, proxy.ts: 7ms, application-code: 408ms)
  └─ ƒ handleLoginUser({"email":"yang@gmail.com","password":"america"}) in 364ms lib/actions/auth-action.ts
 GET /dashboard 200 in 79ms (next.js: 41ms, proxy.ts: 5ms, application-code: 32ms)
 GET /dashboard 200 in 53ms (next.js: 9ms, proxy.ts: 8ms, application-code: 36ms)
 GET /dashboard 200 in 119ms (next.js: 11ms, proxy.ts: 10ms, application-code: 99ms)
 GET / 200 in 188ms (next.js: 63ms, proxy.ts: 15ms, application-code: 110ms)
 GET /login 200 in 81ms (next.js: 8ms, proxy.ts: 11ms, application-code: 62ms)
 POST /login 200 in 525ms (next.js: 8ms, proxy.ts: 11ms, application-code: 506ms)
  └─ ƒ handleLoginUser({"email":"yang@gmail.com","password":"america"}) in 446ms lib/actions/auth-action.ts
 GET /dashboard 200 in 61ms (next.js: 6ms, proxy.ts: 8ms, application-code: 47ms)
 GET /dashboard 200 in 68ms (next.js: 6ms, proxy.ts: 6ms, application-code: 57ms)
 GET / 200 in 138ms (next.js: 12ms, proxy.ts: 11ms, application-code: 114ms)
 GET /login 200 in 64ms (next.js: 6ms, proxy.ts: 8ms, application-code: 49ms)
 POST /login 200 in 583ms (next.js: 12ms, proxy.ts: 11ms, application-code: 559ms)
  └─ ƒ handleLoginUser({"email":"yang@gmail.com","password":"america"}) in 493ms lib/actions/auth-action.ts
 GET /dashboard 200 in 64ms (next.js: 7ms, proxy.ts: 8ms, application-code: 49ms)
 GET /dashboard 200 in 66ms (next.js: 6ms, proxy.ts: 6ms, application-code: 54ms)
 GET /dashboard 200 in 1064ms (next.js: 778ms, proxy.ts: 5ms, application-code: 280ms)
 GET /dashboard 200 in 262ms (next.js: 66ms, proxy.ts: 53ms, application-code: 143ms)
 GET /dashboard 200 in 118ms (next.js: 10ms, proxy.ts: 15ms, application-code: 93ms)
 GET /dashboard 200 in 111ms (next.js: 26ms, proxy.ts: 9ms, application-code: 76ms)
 GET /dashboard 200 in 110ms (next.js: 23ms, proxy.ts: 27ms, application-code: 61ms)
 GET /dashboard 200 in 140ms (next.js: 3ms, proxy.ts: 3ms, application-code: 134ms)
 GET /dashboard 200 in 127ms (next.js: 8ms, proxy.ts: 6ms, application-code: 113ms)
 GET /dashboard 200 in 150ms (next.js: 32ms, proxy.ts: 7ms, application-code: 111ms)
 GET /dashboard 200 in 148ms (next.js: 47ms, proxy.ts: 33ms, application-code: 68ms)
 GET /dashboard 200 in 38ms (next.js: 5ms, proxy.ts: 6ms, application-code: 27ms)
 GET /dashboard 200 in 238ms (next.js: 7ms, proxy.ts: 3ms, application-code: 228ms)
 GET / 200 in 387ms (next.js: 247ms, proxy.ts: 11ms, application-code: 129ms)
 GET /login 200 in 95ms (next.js: 40ms, proxy.ts: 6ms, application-code: 49ms)
 POST /login 200 in 564ms (next.js: 8ms, proxy.ts: 12ms, application-code: 544ms)
  └─ ƒ handleLoginUser({"email":"yang@gmail.com","password":"america"}) in 487ms lib/actions/auth-action.ts
 GET /dashboard 200 in 71ms (next.js: 7ms, proxy.ts: 9ms, application-code: 56ms)
 GET /dashboard 200 in 72ms (next.js: 6ms, proxy.ts: 7ms, application-code: 60ms)
 GET / 200 in 54ms (next.js: 6ms, proxy.ts: 9ms, application-code: 39ms)
 GET /login 200 in 67ms (next.js: 9ms, proxy.ts: 9ms, application-code: 50ms)
 POST /login 200 in 535ms (next.js: 6ms, proxy.ts: 9ms, application-code: 520ms)
  └─ ƒ handleLoginUser({"email":"yang@gmail.com","password":"america"}) in 455ms lib/actions/auth-action.ts
 GET /dashboard 200 in 89ms (next.js: 8ms, proxy.ts: 9ms, application-code: 72ms)
 GET /dashboard 200 in 79ms (next.js: 7ms, proxy.ts: 8ms, application-code: 64ms)
✓ Compiled in 94ms
 GET /dashboard 200 in 70ms (next.js: 9ms, proxy.ts: 23ms, application-code: 37ms)
 GET /dashboard 200 in 98ms (next.js: 49ms, proxy.ts: 15ms, application-code: 34ms)
 GET /dashboard 200 in 475ms (next.js: 81ms, proxy.ts: 57ms, application-code: 337ms)
 GET /dashboard 200 in 152ms (next.js: 8ms, proxy.ts: 45ms, application-code: 99ms)
 HEAD /profile 200 in 855ms (next.js: 780ms, proxy.ts: 5ms, application-code: 69ms)
 GET /profile 200 in 70ms (next.js: 7ms, proxy.ts: 10ms, application-code: 53ms)
 GET /dashboard 200 in 87ms (next.js: 9ms, proxy.ts: 14ms, application-code: 64ms)
 GET /profile 200 in 92ms (next.js: 9ms, proxy.ts: 10ms, application-code: 73ms)
 GET /dashboard 200 in 99ms (next.js: 12ms, proxy.ts: 13ms, application-code: 74ms)
✓ Compiled in 131ms
 GET /dashboard 200 in 496ms (next.js: 347ms, proxy.ts: 62ms, application-code: 88ms)
 GET /dashboard 200 in 58ms (next.js: 4ms, proxy.ts: 6ms, application-code: 49ms)
 GET /dashboard 200 in 57ms (next.js: 5ms, proxy.ts: 5ms, application-code: 47ms)
 GET /dashboard 200 in 38ms (next.js: 3ms, proxy.ts: 5ms, application-code: 30ms)
 GET /dashboard 200 in 58ms (next.js: 3ms, proxy.ts: 6ms, application-code: 48ms)
 GET /dashboard 200 in 38ms (next.js: 5ms, proxy.ts: 5ms, application-code: 28ms)
 GET /dashboard 200 in 52ms (next.js: 5ms, proxy.ts: 5ms, application-code: 41ms)
 GET /dashboard 200 in 52ms (next.js: 3ms, proxy.ts: 20ms, application-code: 29ms)
 GET /dashboard 200 in 50ms (next.js: 4ms, proxy.ts: 6ms, application-code: 39ms)
 GET /dashboard 200 in 47ms (next.js: 2ms, proxy.ts: 22ms, application-code: 22ms)
✓ Compiled in 57ms
 GET /dashboard 200 in 97ms (next.js: 4ms, proxy.ts: 3ms, application-code: 90ms)
✓ Compiled in 105ms
 GET /dashboard 200 in 237ms (next.js: 83ms, proxy.ts: 52ms, application-code: 102ms)
 GET /dashboard 200 in 53ms (next.js: 3ms, proxy.ts: 4ms, application-code: 45ms)
 GET /dashboard 200 in 32ms (next.js: 3ms, proxy.ts: 4ms, application-code: 25ms)
 GET /dashboard 200 in 46ms (next.js: 3ms, proxy.ts: 3ms, application-code: 39ms)
 GET /dashboard 200 in 28ms (next.js: 2ms, proxy.ts: 4ms, application-code: 22ms)
 GET /dashboard 200 in 45ms (next.js: 3ms, proxy.ts: 3ms, application-code: 39ms)
 GET /dashboard 200 in 28ms (next.js: 3ms, proxy.ts: 4ms, application-code: 21ms)
 GET /dashboard 200 in 49ms (next.js: 6ms, proxy.ts: 4ms, application-code: 40ms)
 GET /dashboard 200 in 48ms (next.js: 3ms, proxy.ts: 22ms, application-code: 24ms)
 GET /dashboard 200 in 22ms (next.js: 2ms, proxy.ts: 4ms, application-code: 16ms)
